<?xml version="1.0" encoding="UTF-8"?>
<testng-results skipped="0" failed="2" ignored="2" total="5" passed="1">
  <reporter-output>
  </reporter-output>
  <suite name="Default suite" duration-ms="134309" started-at="2019-02-25T06:20:57Z" finished-at="2019-02-25T06:23:12Z">
    <groups>
    </groups>
    <test name="Default test" duration-ms="134309" started-at="2019-02-25T06:20:57Z" finished-at="2019-02-25T06:23:12Z">
      <class name="TestNGTestCases.ForumScreenTest">
        <test-method status="PASS" signature="setup()[pri:0, instance:TestNGTestCases.ForumScreenTest@7085bdee]" name="setup" is-config="true" duration-ms="8267" started-at="2019-02-25T06:20:57Z" finished-at="2019-02-25T06:21:06Z">
          <reporter-output>
          </reporter-output>
        </test-method> <!-- setup -->
        <test-method status="FAIL" signature="createpostvalidate()[pri:0, instance:TestNGTestCases.ForumScreenTest@7085bdee]" name="createpostvalidate" duration-ms="21191" started-at="2019-02-25T06:21:06Z" finished-at="2019-02-25T06:21:27Z">
          <exception class="java.lang.AssertionError">
            <message>
              <![CDATA[expected [Stargate all access pass.Diehard Access Only Diehard Access Only - Opening Act] but found [Garage Band Garage BandGarage]]]>
            </message>
            <full-stacktrace>
              <![CDATA[java.lang.AssertionError: expected [Stargate all access pass.Diehard Access Only Diehard Access Only - Opening Act] but found [Garage Band Garage BandGarage]
at org.testng.Assert.fail(Assert.java:96)
at org.testng.Assert.failNotEquals(Assert.java:776)
at org.testng.Assert.assertEqualsImpl(Assert.java:137)
at org.testng.Assert.assertEquals(Assert.java:118)
at org.testng.Assert.assertEquals(Assert.java:453)
at org.testng.Assert.assertEquals(Assert.java:463)
at TestNGTestCases.ForumScreenTest.createpostvalidate(ForumScreenTest.java:387)
at sun.reflect.NativeMethodAccessorImpl.invoke0(Native Method)
at sun.reflect.NativeMethodAccessorImpl.invoke(NativeMethodAccessorImpl.java:62)
at sun.reflect.DelegatingMethodAccessorImpl.invoke(DelegatingMethodAccessorImpl.java:43)
at java.lang.reflect.Method.invoke(Method.java:498)
at org.testng.internal.MethodInvocationHelper.invokeMethod(MethodInvocationHelper.java:124)
at org.testng.internal.Invoker.invokeMethod(Invoker.java:583)
at org.testng.internal.Invoker.invokeTestMethod(Invoker.java:719)
at org.testng.internal.Invoker.invokeTestMethods(Invoker.java:989)
at org.testng.internal.TestMethodWorker.invokeTestMethods(TestMethodWorker.java:125)
at org.testng.internal.TestMethodWorker.run(TestMethodWorker.java:109)
at org.testng.TestRunner.privateRun(TestRunner.java:648)
at org.testng.TestRunner.run(TestRunner.java:505)
at org.testng.SuiteRunner.runTest(SuiteRunner.java:455)
at org.testng.SuiteRunner.runSequentially(SuiteRunner.java:450)
at org.testng.SuiteRunner.privateRun(SuiteRunner.java:415)
at org.testng.SuiteRunner.run(SuiteRunner.java:364)
at org.testng.SuiteRunnerWorker.runSuite(SuiteRunnerWorker.java:52)
at org.testng.SuiteRunnerWorker.run(SuiteRunnerWorker.java:84)
at org.testng.TestNG.runSuitesSequentially(TestNG.java:1208)
at org.testng.TestNG.runSuitesLocally(TestNG.java:1137)
at org.testng.TestNG.runSuites(TestNG.java:1049)
at org.testng.TestNG.run(TestNG.java:1017)
at org.testng.remote.AbstractRemoteTestNG.run(AbstractRemoteTestNG.java:114)
at org.testng.remote.RemoteTestNG.initAndRun(RemoteTestNG.java:251)
at org.testng.remote.RemoteTestNG.main(RemoteTestNG.java:77)
]]>
            </full-stacktrace>
          </exception> <!-- java.lang.AssertionError -->
          <reporter-output>
          </reporter-output>
        </test-method> <!-- createpostvalidate -->
        <test-method status="PASS" signature="clean()[pri:0, instance:TestNGTestCases.ForumScreenTest@7085bdee]" name="clean" is-config="true" duration-ms="277" started-at="2019-02-25T06:21:27Z" finished-at="2019-02-25T06:21:27Z">
          <reporter-output>
          </reporter-output>
        </test-method> <!-- clean -->
        <test-method status="PASS" signature="setup()[pri:0, instance:TestNGTestCases.ForumScreenTest@7085bdee]" name="setup" is-config="true" duration-ms="6380" started-at="2019-02-25T06:21:27Z" finished-at="2019-02-25T06:21:33Z">
          <reporter-output>
          </reporter-output>
        </test-method> <!-- setup -->
        <test-method status="PASS" signature="validatemessagelowerthan10charalert()[pri:1, instance:TestNGTestCases.ForumScreenTest@7085bdee]" name="validatemessagelowerthan10charalert" duration-ms="28642" started-at="2019-02-25T06:21:33Z" finished-at="2019-02-25T06:22:02Z">
          <reporter-output>
          </reporter-output>
        </test-method> <!-- validatemessagelowerthan10charalert -->
        <test-method status="PASS" signature="clean()[pri:0, instance:TestNGTestCases.ForumScreenTest@7085bdee]" name="clean" is-config="true" duration-ms="190" started-at="2019-02-25T06:22:02Z" finished-at="2019-02-25T06:22:02Z">
          <reporter-output>
          </reporter-output>
        </test-method> <!-- clean -->
        <test-method status="PASS" signature="setup()[pri:0, instance:TestNGTestCases.ForumScreenTest@7085bdee]" name="setup" is-config="true" duration-ms="6986" started-at="2019-02-25T06:22:02Z" finished-at="2019-02-25T06:22:09Z">
          <reporter-output>
          </reporter-output>
        </test-method> <!-- setup -->
        <test-method status="FAIL" signature="uploadimagevalidate()[pri:2, instance:TestNGTestCases.ForumScreenTest@7085bdee]" name="uploadimagevalidate" duration-ms="62134" started-at="2019-02-25T06:22:09Z" finished-at="2019-02-25T06:23:11Z">
          <exception class="java.lang.AssertionError">
            <message>
              <![CDATA[expected:<Garage Band Garage BandGarage> but was:<Stargate all access pass.Diehard Access Only Diehard Access Only - Opening Act>]]>
            </message>
            <full-stacktrace>
              <![CDATA[java.lang.AssertionError: expected:<Garage Band Garage BandGarage> but was:<Stargate all access pass.Diehard Access Only Diehard Access Only - Opening Act>
at org.testng.AssertJUnit.assertEquals(AssertJUnit.java:101)
at org.testng.AssertJUnit.assertEquals(AssertJUnit.java:108)
at TestNGTestCases.ForumScreenTest.uploadimagevalidate(ForumScreenTest.java:517)
at sun.reflect.NativeMethodAccessorImpl.invoke0(Native Method)
at sun.reflect.NativeMethodAccessorImpl.invoke(NativeMethodAccessorImpl.java:62)
at sun.reflect.DelegatingMethodAccessorImpl.invoke(DelegatingMethodAccessorImpl.java:43)
at java.lang.reflect.Method.invoke(Method.java:498)
at org.testng.internal.MethodInvocationHelper.invokeMethod(MethodInvocationHelper.java:124)
at org.testng.internal.Invoker.invokeMethod(Invoker.java:583)
at org.testng.internal.Invoker.invokeTestMethod(Invoker.java:719)
at org.testng.internal.Invoker.invokeTestMethods(Invoker.java:989)
at org.testng.internal.TestMethodWorker.invokeTestMethods(TestMethodWorker.java:125)
at org.testng.internal.TestMethodWorker.run(TestMethodWorker.java:109)
at org.testng.TestRunner.privateRun(TestRunner.java:648)
at org.testng.TestRunner.run(TestRunner.java:505)
at org.testng.SuiteRunner.runTest(SuiteRunner.java:455)
at org.testng.SuiteRunner.runSequentially(SuiteRunner.java:450)
at org.testng.SuiteRunner.privateRun(SuiteRunner.java:415)
at org.testng.SuiteRunner.run(SuiteRunner.java:364)
at org.testng.SuiteRunnerWorker.runSuite(SuiteRunnerWorker.java:52)
at org.testng.SuiteRunnerWorker.run(SuiteRunnerWorker.java:84)
at org.testng.TestNG.runSuitesSequentially(TestNG.java:1208)
at org.testng.TestNG.runSuitesLocally(TestNG.java:1137)
at org.testng.TestNG.runSuites(TestNG.java:1049)
at org.testng.TestNG.run(TestNG.java:1017)
at org.testng.remote.AbstractRemoteTestNG.run(AbstractRemoteTestNG.java:114)
at org.testng.remote.RemoteTestNG.initAndRun(RemoteTestNG.java:251)
at org.testng.remote.RemoteTestNG.main(RemoteTestNG.java:77)
]]>
            </full-stacktrace>
          </exception> <!-- java.lang.AssertionError -->
          <reporter-output>
          </reporter-output>
        </test-method> <!-- uploadimagevalidate -->
        <test-method status="PASS" signature="clean()[pri:0, instance:TestNGTestCases.ForumScreenTest@7085bdee]" name="clean" is-config="true" duration-ms="203" started-at="2019-02-25T06:23:11Z" finished-at="2019-02-25T06:23:12Z">
          <reporter-output>
          </reporter-output>
        </test-method> <!-- clean -->
      </class> <!-- TestNGTestCases.ForumScreenTest -->
    </test> <!-- Default test -->
  </suite> <!-- Default suite -->
</testng-results>
